{"/Users/navkanttyagi/Documents/navkant/namaste-react/src/components/Contact.js": {"path":"/Users/navkanttyagi/Documents/navkant/namaste-react/src/components/Contact.js","statementMap":{"0":{"start":{"line":1,"column":16},"end":{"line":39,"column":1}},"1":{"start":{"line":2,"column":4},"end":{"line":38,"column":6}}},"fnMap":{"0":{"name":"(anonymous_0)","decl":{"start":{"line":1,"column":16},"end":{"line":1,"column":17}},"loc":{"start":{"line":1,"column":22},"end":{"line":39,"column":1}},"line":1}},"branchMap":{},"s":{"0":1,"1":2},"f":{"0":2},"b":{},"_coverageSchema":"1a1c01bbd47fc00a2c39e90264f33305004495a9","hash":"c909eb427d7228d9a67cfde46b03ba2ee34f6c8f"}
,"/Users/navkanttyagi/Documents/navkant/namaste-react/src/components/sum.js": {"path":"/Users/navkanttyagi/Documents/navkant/namaste-react/src/components/sum.js","statementMap":{"0":{"start":{"line":1,"column":19},"end":{"line":3,"column":1}},"1":{"start":{"line":2,"column":4},"end":{"line":2,"column":17}}},"fnMap":{"0":{"name":"(anonymous_0)","decl":{"start":{"line":1,"column":19},"end":{"line":1,"column":20}},"loc":{"start":{"line":1,"column":29},"end":{"line":3,"column":1}},"line":1}},"branchMap":{},"s":{"0":1,"1":1},"f":{"0":1},"b":{},"_coverageSchema":"1a1c01bbd47fc00a2c39e90264f33305004495a9","hash":"9c6616c1320680d2c7e64a6324dd0dffe25fe26e"}
}
